Cadence Genus(TM) Synthesis Solution.
Copyright 2022 Cadence Design Systems, Inc. All rights reserved worldwide.
Cadence and the Cadence logo are registered trademarks and Genus is a trademark
of Cadence Design Systems, Inc. in the United States and other countries.

[10:53:40.263529] Configured Lic search path (21.01-s002): 5280@192.168.6.10

Version: 21.14-s082_1, built Thu Jun 23 02:02:08 PDT 2022
Options: 
Date:    Fri Mar 21 10:53:40 2025
Host:    Cadence29 (x86_64 w/Linux 4.18.0-425.3.1.el8.x86_64) (6cores*12cpus*1physical cpu*Intel(R) Core(TM) i5-10500T CPU @ 2.30GHz 12288KB) (7655816KB)
PID:     19796
OS:      Red Hat Enterprise Linux release 8.7 (Ootpa)


[10:53:40.388386] Periodic Lic check successful
[10:53:40.388393] Feature usage summary:
[10:53:40.388393] Genus_Synthesis
Checking out license: Genus_Synthesis


***********************************************************************************************************
***********************************************************************************************************



Loading tool scripts...
Finished loading tool scripts (8 seconds elapsed).

WARNING: This version of the tool is 1001 days old.
@genus:root: 1> read_libs /home/install/FOUNDRY/digital/90nm/dig/lib/slow.lib

Threads Configured:3

  Message Summary for Library slow.lib:
  *************************************
  Missing a function attribute in the output pin definition. [LBR-518]: 1
  Missing library level attribute. [LBR-516]: 1
  *************************************
 
Info    : Created nominal operating condition. [LBR-412]
        : Operating condition '_nominal_' was created for the PVT values (1.000000, 0.900000, 125.000000) in library 'slow.lib'.
        : The nominal operating condition is represented, either by the nominal PVT values specified in the library source (via nom_process,nom_voltage and nom_temperature respectively), or by the default PVT values (1.0,1.0,1.0).
@genus:root: 2> read_hdl counter.v
@genus:root: 3> elaborate
  Library has 324 usable logic and 128 usable sequential lib-cells.
Info    : Elaborating Design. [ELAB-1]
        : Elaborating top-level block 'modN_counter' from file 'counter.v'.
Warning : Using default parameter value for module elaboration. [CDFG-818]
        : Elaborating block 'modN_counter' with default parameters value.
Info    : Done Elaborating Design. [ELAB-3]
        : Done elaborating 'modN_counter'.
Checking for analog nets...
Check completed for analog nets.
Checking for source RTL...
Check completed for source RTL.
Running Unified Mux Engine Tricks...
Completed Unified Mux Engine Tricks

Stage: post_elab
--------------------------------------------------------
| Trick             | Accepts | Rejects | Runtime (ms) | 
--------------------------------------------------------
| ume_constant_bmux |       0 |       0 |         0.00 | 
--------------------------------------------------------
Starting clip mux common data inputs [v1.0] (stage: post_elab, startdef: modN_counter, recur: true)
Completed clip mux common data inputs (accepts: 0, rejects: 0, runtime: 0.000s)
Starting clip the non-user hierarchies [v2.0] (stage: post_elab, startdef: modN_counter, recur: true)
Completed clip the non-user hierarchies (accepts: 0, rejects: 0, runtime: 0.000s)

Stage: post_elab
---------------------------------------------------------
| Transform          | Accepts | Rejects | Runtime (ms) | 
---------------------------------------------------------
| hlo_clip_mux_input |       0 |       0 |         0.00 | 
| hlo_clip           |       0 |       0 |         0.00 | 
---------------------------------------------------------
UM:   flow.cputime  flow.realtime  timing.setup.tns  timing.setup.wns  snapshot
UM:*                                                                   elaborate
design:modN_counter
@genus:root: 4> read_sdc constraints_top.sdc
Error   : A command argument is of the wrong type. [TUI-66] [create_clock]
        : A floating point number was expected, but '0.0.5' was seen instead.
        : Check the command usage and correct the input to the command.
Error   : Could not interpret SDC command. [SDC-202] [read_sdc]
        : The 'read_sdc' command encountered an error while processing this command on line '1' of the SDC file 'constraints_top.sdc': create_clock -name clk -period 1 -waveform {0.0.5} [get_ports 'clk'].
        : The 'read_sdc' command encountered a problem while trying to evaluate an SDC command. This SDC command will be added to the Tcl variable $::dc::sdc_failed_commands.
Warning : Could not find requested search value. [SDC-208] [get_clocks]
        : The 'get_clocks' command on line '2' of the SDC file 'constraints_top.sdc'  cannot find any clocks named 'clk'
        : Use get_* commands to find the objects along with a wild card entry in the name of the object to check if the object is existing with different naming style.
Error   : A required object parameter could not be found. [TUI-61] [parse_options]
        : An object of type 'clock' named '' could not be found.
        : Check to make sure that the object exists and is of the correct type.  The 'what_is' command can be used to determine the type of an object.
Error   : Could not interpret SDC command. [SDC-202] [read_sdc]
        : The 'read_sdc' command encountered an error while processing this command on line '2' of the SDC file 'constraints_top.sdc': set_clock_transition -rise 0.1 [get_clocks 'clk'].
Warning : Could not find requested search value. [SDC-208] [get_clocks]
        : The 'get_clocks' command on line '3' of the SDC file 'constraints_top.sdc'  cannot find any clocks named 'clk'
Error   : A required object parameter could not be found. [TUI-61] [parse_options]
        : An object of type 'clock' named '' could not be found.
Error   : Could not interpret SDC command. [SDC-202] [read_sdc]
        : The 'read_sdc' command encountered an error while processing this command on line '3' of the SDC file 'constraints_top.sdc': set_clock_transition -fall 0.1 [get_clocks 'clk'].
Error   : Unknown TCL command in the SDC file. [SDC-234] [read_sdc]
        : Invalid command 'set_clock_uncertainity'
        : The 'read_sdc' command encountered a problem while trying to evaluate a command in the SDC file.
Error   : Could not interpret SDC command. [SDC-202] [read_sdc]
        : The TCL interpreter encountered the following error while processing line '4' of the SDC file 'constraints_top.sdc': invalid command name 'set_clock_uncertainity'.
Warning : Could not find requested search value. [SDC-208] [get_clocks]
        : The 'get_clocks' command on line '5' of the SDC file 'constraints_top.sdc'  cannot find any clocks named 'clk'
Error   : Invalid SDC command option combination. [SDC-204] [set_io_delay]
        : The set_io_delay command does not accept any invalid clock
        : This option is not valid for the indicated SDC command. Check the SDC command and contact Cadence customer support if you believe this option combination should be supported.
Error   : Could not interpret SDC command. [SDC-202] [read_sdc]
        : The 'read_sdc' command encountered an error while processing this command on line '5' of the SDC file 'constraints_top.sdc': set_input_delay -max 1.0 [get_ports 'rstn'] -clock [get_clocks 'clk'].
Warning : Could not find requested search value. [SDC-208] [get_clocks]
        : The 'get_clocks' command on line '6' of the SDC file 'constraints_top.sdc'  cannot find any clocks named 'clk'
Error   : Could not interpret SDC command. [SDC-202] [read_sdc]
        : The 'read_sdc' command encountered an error while processing this command on line '6' of the SDC file 'constraints_top.sdc': set_output_delay -max 1.0 [get_ports 'out'] -clock [get_clocks 'clk'].
Statistics for commands executed by read_sdc:
 "create_clock"             - successful      0 , failed      1 (runtime  0.00)
 "get_clocks"               - successful      0 , failed      4 (runtime  0.00)
 "get_ports"                - successful      4 , failed      0 (runtime  0.00)
 "set_clock_transition"     - successful      0 , failed      2 (runtime  0.00)
 "set_input_delay"          - successful      0 , failed      1 (runtime  0.00)
 "set_output_delay"         - successful      0 , failed      1 (runtime  0.00)
Warning : Total failed commands during read_sdc are 9
Warning : One or more commands failed when these constraints were applied. [SDC-209]
        : The 'read_sdc' command encountered a problem while processing commands.
        : You can examine the failed commands or save them to a file by querying the Tcl variable $::dc::sdc_failed_commands.
read_sdc completed in 00:00:00 (hh:mm:ss)
@genus:root: 5> set_db syn_generic_effort medium
  Setting attribute of root '/': 'syn_generic_effort' = medium
1 medium
@genus:root: 6> set_db syn_map_effort medium
  Setting attribute of root '/': 'syn_map_effort' = medium
1 medium
@genus:root: 7> set_db syn_opt_effort medium
  Setting attribute of root '/': 'syn_opt_effort' = medium
1 medium
@genus:root: 8> syn_generic

Stage: pre_early_cg
------------------------------------------------
| Transform | Accepts | Rejects | Runtime (ms) | 
------------------------------------------------
------------------------------------------------
##Generic Timing Info for library domain: _default_ typical gate delay: 127.0 ps std_slew: 15.5 ps std_load: 7.0 fF
Starting mux data reorder optimization [v1.0] (stage: pre_to_gen_setup, startdef: modN_counter, recur: true)
Completed mux data reorder optimization (accepts: 0, rejects: 0, runtime: 0.000s)

Stage: pre_to_gen_setup
------------------------------------------------------
| Transform       | Accepts | Rejects | Runtime (ms) | 
------------------------------------------------------
| hlo_mux_reorder |       0 |       0 |         0.00 | 
------------------------------------------------------
Info    : Synthesizing. [SYNTH-1]
        : Synthesizing 'modN_counter' to generic gates using 'medium' effort.
PBS_Generic-Start - Elapsed_Time 0, CPU_Time 0.0
stamp 'PBS_Generic-Start' being created for table 'pbs_debug'

  Total Time (Wall) |  Stage Time (Wall)  |   % (Wall)   |    Date - Time     |  Memory   | Stage
--------------------+---------------------+--------------+--------------------+-----------+----------------------
 00:00:13(00:01:58) |  00:00:00(00:00:00) |   0.0(  0.0) |   10:55:42 (Mar21) |  448.7 MB | PBS_Generic-Start
--------------------+---------------------+--------------+--------------------+-----------+----------------------
Number of threads: 8 * 1   (id: pbs_debug, time_info v1.57)
Info: (*N*) indicates data that was populated from previously saved time_info database
Info: CPU time includes time of parent + longest thread
TNS Restructuring config: no_value at stage: generic applied.
Info    : Partition Based Synthesis execution skipped. [PHYS-752]
        : Design size is less than the partition size '100000' for distributed generic optimization to kick in.
Starting mux data reorder optimization [v1.0] (stage: pre_to_gen_setup, startdef: modN_counter, recur: true)
Completed mux data reorder optimization (accepts: 0, rejects: 0, runtime: 0.001s)

Stage: pre_to_gen_setup
------------------------------------------------------
| Transform       | Accepts | Rejects | Runtime (ms) | 
------------------------------------------------------
| hlo_mux_reorder |       0 |       0 |         1.00 | 
------------------------------------------------------
Starting mux data reorder optimization [v1.0] (stage: post_to_gen_setup, startdef: modN_counter, recur: true)
Completed mux data reorder optimization (accepts: 0, rejects: 0, runtime: 0.000s)

Stage: post_to_gen_setup
------------------------------------------------------
| Transform       | Accepts | Rejects | Runtime (ms) | 
------------------------------------------------------
| hlo_mux_reorder |       0 |       0 |         0.00 | 
------------------------------------------------------
Running Unified Mux Engine Tricks...
Completed Unified Mux Engine Tricks

Stage: pre_hlo_rtlopt
--------------------------------------------
| Trick | Accepts | Rejects | Runtime (ms) | 
--------------------------------------------
--------------------------------------------
Starting infer macro optimization [v1.0] (stage: pre_rtlopt, startdef: modN_counter, recur: true)
Completed infer macro optimization (accepts: 0, rejects: 0, runtime: 0.000s)
Starting decode mux sandwich optimization [v2.0] (stage: pre_rtlopt, startdef: modN_counter, recur: true)
Completed decode mux sandwich optimization (accepts: 0, rejects: 0, runtime: 0.000s)
Starting decode mux optimization [v1.0] (stage: pre_rtlopt, startdef: modN_counter, recur: true)
Completed decode mux optimization (accepts: 0, rejects: 0, runtime: 0.000s)
Starting chop wide muxes [v1.0] (stage: pre_rtlopt, startdef: modN_counter, recur: true)
Completed chop wide muxes (accepts: 0, rejects: 0, runtime: 0.000s)
Starting common data mux cascade opt [v1.0] (stage: pre_rtlopt, startdef: modN_counter, recur: true)
Completed common data mux cascade opt (accepts: 0, rejects: 0, runtime: 0.000s)
Starting mux input consolidation [v1.0] (stage: pre_rtlopt, startdef: modN_counter, recur: true)
Completed mux input consolidation (accepts: 0, rejects: 0, runtime: 0.000s)
Starting constant-data mux optimization [v1.0] (stage: pre_rtlopt, startdef: modN_counter, recur: true)
Completed constant-data mux optimization (accepts: 0, rejects: 0, runtime: 0.000s)
Starting chain-to-tree inequality transform [v2.0] (stage: pre_rtlopt, startdef: modN_counter, recur: true)
Completed chain-to-tree inequality transform (accepts: 0, rejects: 0, runtime: 0.001s)
Starting reconvergence optimization [v1.0] (stage: pre_rtlopt, startdef: modN_counter, recur: true)
Completed reconvergence optimization (accepts: 0, rejects: 0, runtime: 0.000s)
Starting logic restructure optimization [v1.0] (stage: pre_rtlopt, startdef: modN_counter, recur: true)
Completed logic restructure optimization (accepts: 0, rejects: 0, runtime: 0.000s)
Starting common select mux optimization [v1.0] (stage: pre_rtlopt, startdef: modN_counter, recur: true)
Completed common select mux optimization (accepts: 0, rejects: 0, runtime: 0.000s)
Starting identity transform [v3.0] (stage: pre_rtlopt, startdef: modN_counter, recur: true)
Completed identity transform (accepts: 0, rejects: 0, runtime: 0.000s)
Starting reduce operator chain [v1.0] (stage: pre_rtlopt, startdef: modN_counter, recur: true)
Completed reduce operator chain (accepts: 0, rejects: 0, runtime: 0.000s)
Starting common data mux cascade opt [v1.0] (stage: pre_rtlopt, startdef: modN_counter, recur: true)
Completed common data mux cascade opt (accepts: 0, rejects: 0, runtime: 0.000s)
Starting mux input consolidation [v1.0] (stage: pre_rtlopt, startdef: modN_counter, recur: true)
Completed mux input consolidation (accepts: 0, rejects: 0, runtime: 0.000s)
Starting optimize datapath elements [v1.0] (stage: pre_rtlopt, startdef: modN_counter, recur: true)
Completed optimize datapath elements (accepts: 0, rejects: 0, runtime: 0.000s)
Starting datapath recasting [v1.0] (stage: pre_rtlopt, startdef: modN_counter, recur: true)
Completed datapath recasting (accepts: 0, rejects: 0, runtime: 0.000s)
Starting clip mux common data inputs [v1.0] (stage: pre_rtlopt, startdef: modN_counter, recur: true)
Completed clip mux common data inputs (accepts: 0, rejects: 0, runtime: 0.000s)
Starting clip the non-user hierarchies [v2.0] (stage: pre_rtlopt, startdef: modN_counter, recur: true)
Completed clip the non-user hierarchies (accepts: 0, rejects: 0, runtime: 0.000s)

Stage: pre_rtlopt
----------------------------------------------------------------
| Transform                 | Accepts | Rejects | Runtime (ms) | 
----------------------------------------------------------------
| hlo_infer_macro           |       0 |       0 |         0.00 | 
| hlo_decode_mux_sandwich   |       0 |       0 |         0.00 | 
| hlo_mux_decode            |       0 |       0 |         0.00 | 
| hlo_chop_mux              |       0 |       0 |         0.00 | 
| hlo_mux_cascade_opt       |       0 |       0 |         0.00 | 
| hlo_mux_consolidation     |       0 |       0 |         0.00 | 
| hlo_constant_mux_opt      |       0 |       0 |         0.00 | 
| hlo_inequality_transform  |       0 |       0 |         1.00 | 
| hlo_reconv_opt            |       0 |       0 |         0.00 | 
| hlo_restructure           |       0 |       0 |         0.00 | 
| hlo_common_select_muxopto |       0 |       0 |         0.00 | 
| hlo_identity_transform    |       0 |       0 |         0.00 | 
| hlo_reduce_operator_chain |       0 |       0 |         0.00 | 
| hlo_mux_cascade_opt       |       0 |       0 |         0.00 | 
| hlo_mux_consolidation     |       0 |       0 |         0.00 | 
| hlo_optimize_datapath     |       0 |       0 |         0.00 | 
| hlo_datapath_recast       |       0 |       0 |         0.00 | 
| hlo_clip_mux_input        |       0 |       0 |         0.00 | 
| hlo_clip                  |       0 |       0 |         0.00 | 
----------------------------------------------------------------
Running Unified Mux Engine Tricks...
Completed Unified Mux Engine Tricks

Stage: post_hlo_rtlopt
--------------------------------------------------
| Trick       | Accepts | Rejects | Runtime (ms) | 
--------------------------------------------------
| ume_runtime |       0 |       0 |         0.00 | 
--------------------------------------------------
Number of big hc bmuxes before = 0
Info    : Pre-processed datapath logic. [DPOPT-6]
        : No pre-processing optimizations applied to datapath logic in 'modN_counter'.
Info    : Optimizing datapath logic. [DPOPT-1]
        : Optimizing datapath logic in 'modN_counter'.
Info    : Implementing datapath configurations. [DPOPT-3]
        : Implementing datapath configurations for 'CDN_DP_region_0_0'
CSAGen Prep Share:0 Re-Write:0 Speculation: 0
MaxCSA: Successfully built Maximal CSA Expression Expr0
CDN_DP_region_0_0 level = 0 loads = 0 drivers = 0
CDN_DP_region_0_0_c0 in modN_counter: area: 141140015 ,dp = 1 mux = 1 sg = slow         worst_clk_period: -1.0000 
    wns: 0  norm_wns:  -1.0000 
    fail_endp: -1 
    tns:  0  tns_per_endp:  -1.0000   norm_tns_per_endp:  -1.0000 
    tns_sense_max:  -1.0000  tns_sense_avg:  -1.0000   tns_sense_num: -1
 skipped
CDN_DP_region_0_0_c1 in modN_counter: area: 122067040 ,dp = 1 mux = 1 sg = fast         worst_clk_period: -1.0000 
    wns: 0  norm_wns:  -1.0000 
    fail_endp: -1 
    tns:  0  tns_per_endp:  -1.0000   norm_tns_per_endp:  -1.0000 
    tns_sense_max:  -1.0000  tns_sense_avg:  -1.0000   tns_sense_num: -1
 is current best
CDN_DP_region_0_0_c2 in modN_counter: area: 122067040 ,dp = 1 mux = 1 sg = very_slow    worst_clk_period: -1.0000 
    wns: 0  norm_wns:  -1.0000 
    fail_endp: -1 
    tns:  0  tns_per_endp:  -1.0000   norm_tns_per_endp:  -1.0000 
    tns_sense_max:  -1.0000  tns_sense_avg:  -1.0000   tns_sense_num: -1
 is current best
CDN_DP_region_0_0_c3 in modN_counter: area: 122067040 ,dp = 1 mux = 1 sg = very_fast    worst_clk_period: -1.0000 
    wns: 0  norm_wns:  -1.0000 
    fail_endp: -1 
    tns:  0  tns_per_endp:  -1.0000   norm_tns_per_endp:  -1.0000 
    tns_sense_max:  -1.0000  tns_sense_avg:  -1.0000   tns_sense_num: -1
 is current best
CDN_DP_region_0_0_c4 in modN_counter: area: 122067040 ,dp = 1 mux = 1 sg = very_fast    worst_clk_period: -1.0000 
    wns: 0  norm_wns:  -1.0000 
    fail_endp: -1 
    tns:  0  tns_per_endp:  -1.0000   norm_tns_per_endp:  -1.0000 
    tns_sense_max:  -1.0000  tns_sense_avg:  -1.0000   tns_sense_num: -1
 is current best
CDN_DP_region_0_0_c5 in modN_counter: area: 122067040 ,dp = 1 mux = 1 sg = very_fast    worst_clk_period: -1.0000 
    wns: 0  norm_wns:  -1.0000 
    fail_endp: -1 
    tns:  0  tns_per_endp:  -1.0000   norm_tns_per_endp:  -1.0000 
    tns_sense_max:  -1.0000  tns_sense_avg:  -1.0000   tns_sense_num: -1
 is current best
CDN_DP_region_0_0_c6 in modN_counter: area: 122067040 ,dp = 1 mux = 1 sg = very_fast    worst_clk_period: -1.0000 
    wns: 0  norm_wns:  -1.0000 
    fail_endp: -1 
    tns:  0  tns_per_endp:  -1.0000   norm_tns_per_endp:  -1.0000 
    tns_sense_max:  -1.0000  tns_sense_avg:  -1.0000   tns_sense_num: -1
 is current best
CDN_DP_region_0_0_c7 in modN_counter: area: 122067040 ,dp = 1 mux = 1 sg = very_fast    worst_clk_period: -1.0000 
    wns: 0  norm_wns:  -1.0000 
    fail_endp: -1 
    tns:  0  tns_per_endp:  -1.0000   norm_tns_per_endp:  -1.0000 
    tns_sense_max:  -1.0000  tns_sense_avg:  -1.0000   tns_sense_num: -1
 is current best
Best config: CDN_DP_region_0_0_c7 in modN_counter: area: 122067040 ,dp = 1 mux = 1 sg = very_fast    worst_clk_period: -1.0000 
    wns: 0  norm_wns:  -1.0000 
    fail_endp: -1 
    tns:  0  tns_per_endp:  -1.0000   norm_tns_per_endp:  -1.0000 
    tns_sense_max:  -1.0000  tns_sense_avg:  -1.0000   tns_sense_num: -1
  Smallest config area : 122067040.  Fastest config wns;  0
##>+----------------------------------------------------------------------------------------------------------------------------------------------------------------+
##>Summary table of configs (Best config is CDN_DP_region_0_0_c7)
##>+----------------------------------------------------------------------------------------------------------------------------------------------------------------+
##>                     0                  1                  2                  3                  4                  5                  6                  7            
##>+----------------------------------------------------------------------------------------------------------------------------------------------------------------+
##>           Area        141140015          122067040          122067040          122067040          122067040          122067040          122067040          122067040  
##>            WNS    +214748364.70      +214748364.70      +214748364.70      +214748364.70      +214748364.70      +214748364.70      +214748364.70      +214748364.70  
##>            TNS                0                  0                  0                  0                  0                  0                  0                  0  
##>    Num Rewrite                0                  0                  0                  0                  0                  0                  0                  0  
##>     Num Factor                0                  0                  0                  0                  0                  0                  0                  0  
##>      Num Share                0                  0                  0                  0                  0                  0                  0                  0  
##>   Num CmultCse                0                  0                  0                  0                  0                  0                  0                  0  
##>   Num Downsize                0                  0                  0                  0                  0                  0                  0                  0  
##>  Num Speculate                0                  0                  0                  0                  0                  0                  0                  0  
##>     Runtime(s)                0                  0                  0                  0                  0                  0                  0                  0  
+----------------------------------------------------------------------------------------------------------------------------------------------------------------+
##>
##>
##>+------------------------------------------------------------------------------------------------------------------------------------------------------------+
##>Optimization Step DEBUG Table for config CDN_DP_region_0_0_c7
##>
##>                          Step                        Area   ( % Chg)        WNS (Change)        TNS (Change)          Runtime (s)        Comment                   
##>+------------------------------------------------------------------------------------------------------------------------------------------------------------+
##>EquationExtraction              START              141140015 (      )    214748364.70 (        )             0 (        )              
##> rewrite                        START              198358940 (+40.54)    214748364.70 (   +0.00)             0 (       0)              (a,ar) Expr0_from --> Expr0_to
##>                                  END              301353005 (+51.92)    214748364.70 (   +0.00)             0 (       0)           0  
##>                                  END              141140015 ( +0.00)    214748364.70 (   +0.00)             0 (       0)           0  
##>createMaxCarrySave              START              141140015 ( +0.00)    214748364.70 (   +0.00)             0 (       0)              
##> datapath_rewrite_one_def       START              141140015 ( +0.00)    214748364.70 (   +0.00)             0 (       0)              
##>                                  END              141140015 ( +0.00)    214748364.70 (   +0.00)             0 (       0)           0  
##> csa_opto                       START              141140015 ( +0.00)    214748364.70 (   +0.00)             0 (       0)              
##>                                  END              144954610 ( +2.70)    214748364.70 (   +0.00)             0 (       0)           0  
##>                                  END              144954610 ( +2.70)    214748364.70 (   +0.00)             0 (       0)           0  
##>canonicalize_by_names           START              144954610 ( +0.00)    214748364.70 (   +0.00)             0 (       0)              
##>                                  END              144954610 ( +0.00)    214748364.70 (   +0.00)             0 (       0)           0  
##>datapath_rewrite_post_csa_one_  START              144954610 ( +0.00)    214748364.70 (   +0.00)             0 (       0)              
##>                                  END              144954610 ( +0.00)    214748364.70 (   +0.00)             0 (       0)           0  
##>datapath_csa_factoring_one_gde  START              144954610 ( +0.00)    214748364.70 (   +0.00)             0 (       0)              
##>                                  END              144954610 ( +0.00)    214748364.70 (   +0.00)             0 (       0)           0  
##>dpopt_share_one_def             START              144954610 ( +0.00)    214748364.70 (   +0.00)             0 (       0)              
##>                                  END              144954610 ( +0.00)    214748364.70 (   +0.00)             0 (       0)           0  
##>datapath_rewrite_post_share     START              144954610 ( +0.00)    214748364.70 (   +0.00)             0 (       0)              
##>                                  END              144954610 ( +0.00)    214748364.70 (   +0.00)             0 (       0)           0  
##>dp_combine_const_mult_with_com  START              144954610 ( +0.00)    214748364.70 (   +0.00)             0 (       0)              
##>                                  END              144954610 ( +0.00)    214748364.70 (   +0.00)             0 (       0)           0  
##>dp_operator_level_decompositio  START              144954610 ( +0.00)    214748364.70 (   +0.00)             0 (       0)              
##>                                  END              144954610 ( +0.00)    214748364.70 (   +0.00)             0 (       0)           0  
##>selective_flatten_dp_config     START              144954610 ( +0.00)    214748364.70 (   +0.00)             0 (       0)              
##>                                  END              144954610 ( +0.00)    214748364.70 (   +0.00)             0 (       0)           0  
##>createMaxCarrySave              START              144954610 ( +0.00)    214748364.70 (   +0.00)             0 (       0)              
##> datapath_rewrite_one_def       START              144954610 ( +0.00)    214748364.70 (   +0.00)             0 (       0)              
##>  fast_cse_elim                 START              144954610 ( +0.00)    214748364.70 (   +0.00)             0 (       0)              
##>                                  END              144954610 ( +0.00)    214748364.70 (   +0.00)             0 (       0)           0  
##>  fast_cse_elim                 START              144954610 ( +0.00)    214748364.70 (   +0.00)             0 (       0)              
##>                                  END              144954610 ( +0.00)    214748364.70 (   +0.00)             0 (       0)           0  
##>                                  END              144954610 ( +0.00)    214748364.70 (   +0.00)             0 (       0)           0  
##> csa_opto                       START              144954610 ( +0.00)    214748364.70 (   +0.00)             0 (       0)              
##>                                  END              144954610 ( +0.00)    214748364.70 (   +0.00)             0 (       0)           0  
##>                                  END              144954610 ( +0.00)    214748364.70 (   +0.00)             0 (       0)           0  
##>context_based_simplify          START              129696230 (-10.53)    214748364.70 (   +0.00)             0 (       0)              
##>                                  END              122067040 ( -5.88)    214748364.70 (   +0.00)             0 (       0)           0  
##>group_csa_final_adder_dp        START              122067040 ( +0.00)    214748364.70 (   +0.00)             0 (       0)              
##>                                  END              122067040 ( +0.00)    214748364.70 (   +0.00)             0 (       0)           0  
##>dpopt_flatten_critical_muxes_i  START              122067040 ( +0.00)    214748364.70 (   +0.00)             0 (       0)              
##>                                  END              122067040 ( +0.00)    214748364.70 (   +0.00)             0 (       0)           0  
##>create_score                    START              122067040 ( +0.00)    214748364.70 (   +0.00)             0 (       0)              
##>                                  END              122067040 ( +0.00)    214748364.70 (   +0.00)             0 (       0)           0  
##>+------------------------------------------------------------------------------------------------------------------------------------------------------------+
Committed config: CDN_DP_region_0_0_c7
Info    : Done implementing datapath configurations. [DPOPT-4]
        : Selected 'very_fast' configuration 7 for module 'CDN_DP_region_0_0'.
          Optimizations applied to 'very_fast' configuration:
            rewriting(0), factoring(0), sharing(0), cmultcse(0), downsizing(0), speculation(0)
Info    : Done optimizing datapath logic. [DPOPT-2]
        : Done optimizing datapath logic in 'modN_counter'.
Number of big hc bmuxes after = 0
Starting logic reduction [v1.0] (stage: post_rtlopt, startdef: modN_counter, recur: true)
Completed logic reduction (accepts: 0, rejects: 0, runtime: 0.000s)
Starting mux data reorder optimization [v1.0] (stage: post_rtlopt, startdef: modN_counter, recur: true)
Completed mux data reorder optimization (accepts: 0, rejects: 0, runtime: 0.000s)

Stage: post_rtlopt
----------------------------------------------------------
| Transform           | Accepts | Rejects | Runtime (ms) | 
----------------------------------------------------------
| hlo_logic_reduction |       0 |       0 |         0.00 | 
| hlo_mux_reorder     |       0 |       0 |         0.00 | 
----------------------------------------------------------
Starting mux speculation [v1.0] (stage: post_muxopt, startdef: modN_counter, recur: true)
Starting speculation optimization
Completed speculation optimization (accepts:0)
Completed mux speculation (accepts: 0, rejects: 0, runtime: 0.004s)

Stage: post_muxopt
------------------------------------------------------
| Transform       | Accepts | Rejects | Runtime (ms) | 
------------------------------------------------------
| hlo_speculation |       0 |       0 |         4.00 | 
------------------------------------------------------
==================================
Stage : to_generic 
==================================
  =================
   Message Summary
  =================
--------------------------------------------------------------------------------
|    Id    |  Sev   |Count |                   Message Text                    |
--------------------------------------------------------------------------------
| CDFG-372 |Info    |    3 |Bitwidth mismatch in assignment.                   |
|          |        |      |Review and make sure the mismatch is               |
|          |        |      | unintentional. Genus can possibly issue bitwidth  |
|          |        |      | mismatch warning for explicit assignments present |
|          |        |      | in RTL as-well-as for implicit assignments        |
|          |        |      | inferred by the tool. For example, in case of     |
|          |        |      | enum declaration without value, the tool will     |
|          |        |      | implicitly assign value to the enum variables. It |
|          |        |      | also issues the warning for any bitwidth mismatch |
|          |        |      | that appears in this implicit assignment.         |
| CDFG-818 |Warning |    1 |Using default parameter value for module           |
|          |        |      | elaboration.                                      |
| CWD-19   |Info    |   10 |An implementation was inferred.                    |
| DPOPT-1  |Info    |    1 |Optimizing datapath logic.                         |
| DPOPT-2  |Info    |    1 |Done optimizing datapath logic.                    |
| DPOPT-3  |Info    |    1 |Implementing datapath configurations.              |
| DPOPT-4  |Info    |    1 |Done implementing datapath configurations.         |
| DPOPT-6  |Info    |    1 |Pre-processed datapath logic.                      |
| ELAB-1   |Info    |    1 |Elaborating Design.                                |
| ELAB-3   |Info    |    1 |Done Elaborating Design.                           |
| LBR-41   |Info    |    1 |An output library pin lacks a function attribute.  |
|          |        |      |If the remainder of this library cell's semantic   |
|          |        |      | checks are successful, it will be considered as a |
|          |        |      | timing-model                                      |
|          |        |      | (because one of its outputs does not have a valid |
|          |        |      | function.                                         |
| LBR-155  |Info    |  372 |Mismatch in unateness between 'timing_sense'       |
|          |        |      | attribute and the function.                       |
|          |        |      |The 'timing_sense' attribute will be respected.    |
| LBR-161  |Info    |    1 |Setting the maximum print count of this message to |
|          |        |      | 10 if information_level is less than 9.           |
| LBR-162  |Info    |  124 |Both 'pos_unate' and 'neg_unate' timing_sense arcs |
|          |        |      | have been processed.                              |
|          |        |      |Setting the 'timing_sense' to non_unate.           |
| LBR-170  |Info    |   32 |Ignoring specified timing sense.                   |
|          |        |      |Timing sense should never be set with              |
|          |        |      | 'rising_edge' or 'falling_edge' timing type.      |
| LBR-412  |Info    |    1 |Created nominal operating condition.               |
|          |        |      |The nominal operating condition is represented,    |
|          |        |      | either by the nominal PVT values specified in the |
|          |        |      | library source                                    |
|          |        |      | (via nom_process,nom_voltage and nom_temperature  |
|          |        |      | respectively)                                     |
|          |        |      | , or by the default PVT values (1.0,1.0,1.0).     |
| LBR-516  |Info    |    1 |Missing library level attribute.                   |
| LBR-518  |Info    |    1 |Missing a function attribute in the output pin     |
|          |        |      | definition.                                       |
| PHYS-752 |Info    |    1 |Partition Based Synthesis execution skipped.       |
| SDC-202  |Error   |    6 |Could not interpret SDC command.                   |
|          |        |      |The 'read_sdc' command encountered a problem while |
|          |        |      | trying to evaluate an SDC command. This SDC       |
|          |        |      | command will be added to the Tcl variable         |
|          |        |      | $::dc::sdc_failed_commands.                       |
| SDC-204  |Error   |    1 |Invalid SDC command option combination.            |
|          |        |      |This option is not valid for the indicated SDC     |
|          |        |      | command. Check the SDC command and contact        |
|          |        |      | Cadence customer support if you believe this      |
|          |        |      | option combination should be supported.           |
| SDC-208  |Warning |    4 |Could not find requested search value.             |
|          |        |      |Use get_* commands to find the objects along with  |
|          |        |      | a wild card entry in the name of the object to    |
|          |        |      | check if the object is existing with different    |
|          |        |      | naming style.                                     |
| SDC-209  |Warning |    1 |One or more commands failed when these constraints |
|          |        |      | were applied.                                     |
|          |        |      |You can examine the failed commands or save them   |
|          |        |      | to a file by querying the Tcl variable            |
|          |        |      | $::dc::sdc_failed_commands.                       |
| SDC-234  |Error   |    1 |Unknown TCL command in the SDC file.               |
|          |        |      |The 'read_sdc' command encountered a problem while |
|          |        |      | trying to evaluate a command in the SDC file.     |
| SYNTH-1  |Info    |    1 |Synthesizing.                                      |
| TUI-61   |Error   |    2 |A required object parameter could not be found.    |
|          |        |      |Check to make sure that the object exists and is   |
|          |        |      | of the correct type.  The 'what_is' command can   |
|          |        |      | be used to determine the type of an object.       |
| TUI-66   |Error   |    1 |A command argument is of the wrong type.           |
|          |        |      |Check the command usage and correct the input to   |
|          |        |      | the command.                                      |
--------------------------------------------------------------------------------
Mapper: Libraries have:
	domain _default_: 324 combo usable cells and 128 sequential usable cells
Multi-threaded constant propagation [1|0] ...
Multi-threaded Virtual Mapping    (8 threads, 8 of 12 CPUs usable)
==================================
Stage : first_condense 
==================================
  =================
   Message Summary
  =================
---------------------------------------------------------------
|  Id  |Sev  |Count |              Message Text               |
---------------------------------------------------------------
| GB-6 |Info |    1 |A datapath component has been ungrouped. |
---------------------------------------------------------------
 
Global mapping target info
==========================
Cost Group 'default' target slack: Unconstrained


State Retention Synthesis Status
================================

Category                        Flops   Percentage
--------------------------------------------------
Total instances                     4        100.0
Excluded from State Retention       4        100.0
    - Will not convert              4        100.0
      - Preserved                   0          0.0
      - Power intent excluded       4        100.0
    - Could not convert             0          0.0
      - Scan type                   0          0.0
      - No suitable cell            0          0.0
State Retention instances           0          0.0
--------------------------------------------------

PBS_Generic_Opt-Post - Elapsed_Time 1, CPU_Time 0.9800439999999995
stamp 'PBS_Generic_Opt-Post' being created for table 'pbs_debug'

  Total Time (Wall) |  Stage Time (Wall)  |   % (Wall)   |    Date - Time     |  Memory   | Stage
--------------------+---------------------+--------------+--------------------+-----------+----------------------
 00:00:13(00:01:58) |  00:00:00(00:00:00) |   0.0(  0.0) |   10:55:42 (Mar21) |  448.7 MB | PBS_Generic-Start
--------------------+---------------------+--------------+--------------------+-----------+----------------------
 00:00:14(00:01:59) |  00:00:01(00:00:01) | 100.0(100.0) |   10:55:43 (Mar21) |  448.7 MB | PBS_Generic_Opt-Post
--------------------+---------------------+--------------+--------------------+-----------+----------------------
Number of threads: 8 * 1   (id: pbs_debug, time_info v1.57)
Info: (*N*) indicates data that was populated from previously saved time_info database
Info: CPU time includes time of parent + longest thread
PBS_Generic-Postgen HBO Optimizations - Elapsed_Time 0, CPU_Time 0.0
stamp 'PBS_Generic-Postgen HBO Optimizations' being created for table 'pbs_debug'

  Total Time (Wall) |  Stage Time (Wall)  |   % (Wall)   |    Date - Time     |  Memory   | Stage
--------------------+---------------------+--------------+--------------------+-----------+----------------------
 00:00:13(00:01:58) |  00:00:00(00:00:00) |   0.0(  0.0) |   10:55:42 (Mar21) |  448.7 MB | PBS_Generic-Start
--------------------+---------------------+--------------+--------------------+-----------+----------------------
 00:00:14(00:01:59) |  00:00:01(00:00:01) | 100.0(100.0) |   10:55:43 (Mar21) |  448.7 MB | PBS_Generic_Opt-Post
--------------------+---------------------+--------------+--------------------+-----------+----------------------
 00:00:14(00:01:59) |  00:00:00(00:00:00) |   0.0(  0.0) |   10:55:43 (Mar21) |  448.7 MB | PBS_Generic-Postgen HBO Optimizations
--------------------+---------------------+--------------+--------------------+-----------+----------------------
Number of threads: 8 * 1   (id: pbs_debug, time_info v1.57)
Info: (*N*) indicates data that was populated from previously saved time_info database
Info: CPU time includes time of parent + longest thread
##>=================== Cadence Confidential (Generic-Logical) ===================
##>=================== Cadence Confidential (Generic-Logical) ===================
##>Main Thread Summary:
##>----------------------------------------------------------------------------------------
##>STEP                           Elapsed       WNS       TNS     Insts      Area    Memory
##>----------------------------------------------------------------------------------------
##>G:Initial                            0         -         -        26       274       448
##>G:Setup                              0         -         -         -         -         -
##>G:Launch ST                          0         -         -         -         -         -
##>G:Design Partition                   0         -         -         -         -         -
##>G:Create Partition Netlists          0         -         -         -         -         -
##>G:Init Power                         0         -         -         -         -         -
##>G:Budgeting                          0         -         -         -         -         -
##>G:Derenv-DB                          0         -         -         -         -         -
##>G:Debug Outputs                      0         -         -         -         -         -
##>G:ST loading                         0         -         -         -         -         -
##>G:Distributed                        0         -         -         -         -         -
##>G:Timer                              0         -         -         -         -         -
##>G:Assembly                           0         -         -         -         -         -
##>G:DFT                                0         -         -         -         -         -
##>G:Const Prop                         0         -         -        23       251       448
##>G:Misc                               1
##>----------------------------------------------------------------------------------------
##>Total Elapsed                        1
##>========================================================================================
Info    : Done synthesizing. [SYNTH-2]
        : Done synthesizing 'modN_counter' to generic gates.
      flow.cputime  flow.realtime  timing.setup.tns  timing.setup.wns  snapshot
UM:*                                                                   syn_gen
@genus:root: 9> syn_map
##Generic Timing Info for library domain: _default_ typical gate delay: 127.0 ps std_slew: 15.5 ps std_load: 7.0 fF
Info    : Mapping. [SYNTH-4]
        : Mapping 'modN_counter' using 'medium' effort.
Mapper: Libraries have:
	domain _default_: 324 combo usable cells and 128 sequential usable cells
Configuring mapper costing (none)
TNS Restructuring config: no_value at stage: map applied.
PBS_TechMap-Start - Elapsed_Time 0, CPU_Time 0.0
stamp 'PBS_TechMap-Start' being created for table 'pbs_debug'

  Total Time (Wall) |  Stage Time (Wall)  |   % (Wall)   |    Date - Time     |  Memory   | Stage
--------------------+---------------------+--------------+--------------------+-----------+----------------------
 00:00:13(00:01:58) |  00:00:00(00:00:00) |   0.0(  0.0) |   10:55:42 (Mar21) |  448.7 MB | PBS_Generic-Start
--------------------+---------------------+--------------+--------------------+-----------+----------------------
 00:00:14(00:01:59) |  00:00:01(00:00:01) | 100.0( 16.7) |   10:55:43 (Mar21) |  448.7 MB | PBS_Generic_Opt-Post
--------------------+---------------------+--------------+--------------------+-----------+----------------------
 00:00:14(00:01:59) |  00:00:00(00:00:00) |   0.0(  0.0) |   10:55:43 (Mar21) |  448.7 MB | PBS_Generic-Postgen HBO Optimizations
--------------------+---------------------+--------------+--------------------+-----------+----------------------
 00:00:14(00:02:04) |  00:00:00(00:00:05) |   0.0( 83.3) |   10:55:48 (Mar21) |  752.0 MB | PBS_TechMap-Start
--------------------+---------------------+--------------+--------------------+-----------+----------------------
Number of threads: 8 * 1   (id: pbs_debug, time_info v1.57)
Info: (*N*) indicates data that was populated from previously saved time_info database
Info: CPU time includes time of parent + longest thread
PBS_TechMap-Premap HBO Optimizations - Elapsed_Time 0, CPU_Time 0.0
stamp 'PBS_TechMap-Premap HBO Optimizations' being created for table 'pbs_debug'

  Total Time (Wall) |  Stage Time (Wall)  |   % (Wall)   |    Date - Time     |  Memory   | Stage
--------------------+---------------------+--------------+--------------------+-----------+----------------------
 00:00:13(00:01:58) |  00:00:00(00:00:00) |   0.0(  0.0) |   10:55:42 (Mar21) |  448.7 MB | PBS_Generic-Start
--------------------+---------------------+--------------+--------------------+-----------+----------------------
 00:00:14(00:01:59) |  00:00:01(00:00:01) | 100.0( 16.7) |   10:55:43 (Mar21) |  448.7 MB | PBS_Generic_Opt-Post
--------------------+---------------------+--------------+--------------------+-----------+----------------------
 00:00:14(00:01:59) |  00:00:00(00:00:00) |   0.0(  0.0) |   10:55:43 (Mar21) |  448.7 MB | PBS_Generic-Postgen HBO Optimizations
--------------------+---------------------+--------------+--------------------+-----------+----------------------
 00:00:14(00:02:04) |  00:00:00(00:00:05) |   0.0( 83.3) |   10:55:48 (Mar21) |  752.0 MB | PBS_TechMap-Start
--------------------+---------------------+--------------+--------------------+-----------+----------------------
 00:00:14(00:02:04) |  00:00:00(00:00:00) |   0.0(  0.0) |   10:55:48 (Mar21) |  752.0 MB | PBS_TechMap-Premap HBO Optimizations
--------------------+---------------------+--------------+--------------------+-----------+----------------------
Number of threads: 8 * 1   (id: pbs_debug, time_info v1.57)
Info: (*N*) indicates data that was populated from previously saved time_info database
Info: CPU time includes time of parent + longest thread
Info    : Partition Based Synthesis execution skipped. [PHYS-752]
        : Design size is less than the partition size '100000' for distributed mapping optimization to kick in.
Mapper: Libraries have:
	domain _default_: 324 combo usable cells and 128 sequential usable cells
Multi-threaded Virtual Mapping    (8 threads, 8 of 12 CPUs usable)
==================================
Stage : first_condense 
==================================
  =================
   Message Summary
  =================
-----------------------------------------------------------------------
|    Id    |Sev  |Count |                Message Text                 |
-----------------------------------------------------------------------
| PHYS-752 |Info |    1 |Partition Based Synthesis execution skipped. |
| SYNTH-2  |Info |    1 |Done synthesizing.                           |
| SYNTH-4  |Info |    1 |Mapping.                                     |
-----------------------------------------------------------------------
 
Global mapping target info
==========================
Cost Group 'default' target slack: Unconstrained

Multi-threaded Virtual Mapping    (8 threads, 8 of 12 CPUs usable)
Multi-threaded Technology Mapping (8 threads, 8 of 12 CPUs usable)
 
Global mapping status
=====================
                                    Worst 
                           Total  Weighted
Operation                   Area  Neg Slk Worst Path
 global_map                  117        0  N/A

    Cost Group            Target    Slack    Diff.  Constr.
-----------------------------------------------------------
       default          unconst. unconst.              N.A. 

 
Global incremental target info
==============================
Cost Group 'default' target slack: Unconstrained

 
Global incremental optimization status
======================================
                                    Worst 
                           Total  Weighted
Operation                   Area  Neg Slk Worst Path
 global_incr                 117        0  N/A

    Cost Group            Target    Slack    Diff.  Constr.
-----------------------------------------------------------
       default          unconst. unconst.              N.A. 


State Retention Synthesis Status
================================

Category                        Flops   Percentage
--------------------------------------------------
Total instances                     4        100.0
Excluded from State Retention       4        100.0
    - Will not convert              4        100.0
      - Preserved                   0          0.0
      - Power intent excluded       4        100.0
    - Could not convert             0          0.0
      - Scan type                   0          0.0
      - No suitable cell            0          0.0
State Retention instances           0          0.0
--------------------------------------------------

INFO: skipping constant propagation
PBS_Techmap-Global Mapping - Elapsed_Time 0, CPU_Time -0.035767999999999134
stamp 'PBS_Techmap-Global Mapping' being created for table 'pbs_debug'

  Total Time (Wall) |  Stage Time (Wall)  |   % (Wall)   |    Date - Time     |  Memory   | Stage
--------------------+---------------------+--------------+--------------------+-----------+----------------------
 00:00:13(00:01:58) |  00:00:00(00:00:00) |   0.0(  0.0) |   10:55:42 (Mar21) |  448.7 MB | PBS_Generic-Start
--------------------+---------------------+--------------+--------------------+-----------+----------------------
 00:00:14(00:01:59) |  00:00:01(00:00:01) | 101.8( 16.7) |   10:55:43 (Mar21) |  448.7 MB | PBS_Generic_Opt-Post
--------------------+---------------------+--------------+--------------------+-----------+----------------------
 00:00:14(00:01:59) |  00:00:00(00:00:00) |   0.0(  0.0) |   10:55:43 (Mar21) |  448.7 MB | PBS_Generic-Postgen HBO Optimizations
--------------------+---------------------+--------------+--------------------+-----------+----------------------
 00:00:14(00:02:04) |  00:00:00(00:00:05) |   0.0( 83.3) |   10:55:48 (Mar21) |  752.0 MB | PBS_TechMap-Start
--------------------+---------------------+--------------+--------------------+-----------+----------------------
 00:00:14(00:02:04) |  00:00:00(00:00:00) |   0.0(  0.0) |   10:55:48 (Mar21) |  752.0 MB | PBS_TechMap-Premap HBO Optimizations
--------------------+---------------------+--------------+--------------------+-----------+----------------------
 00:00:14(00:02:04) |  00:00:00(00:00:00) |  -1.8(  0.0) |   10:55:48 (Mar21) |  752.0 MB | PBS_Techmap-Global Mapping
--------------------+---------------------+--------------+--------------------+-----------+----------------------
Number of threads: 8 * 1   (id: pbs_debug, time_info v1.57)
Info: (*N*) indicates data that was populated from previously saved time_info database
Info: CPU time includes time of parent + longest thread
Warning : Command 'commit_power_intent' cannot proceed as there is no power intent loaded. [CPI-506]
        : Command 'commit_power_intent' requires a valid power_intent to be loaded.
Info    : Wrote formal verification information. [CFM-5]
        : Wrote 'fv/modN_counter/fv_map.fv.json' for netlist 'fv/modN_counter/fv_map.v.gz'.
Info    : Wrote dofile. [CFM-1]
        : Dofile is 'fv/modN_counter/rtl_to_fv_map.do'.
        : Alias mapping flow is enabled.
PBS_TechMap-Datapath Postmap Operations - Elapsed_Time 1, CPU_Time 1.0
stamp 'PBS_TechMap-Datapath Postmap Operations' being created for table 'pbs_debug'

  Total Time (Wall) |  Stage Time (Wall)  |   % (Wall)   |    Date - Time     |  Memory   | Stage
--------------------+---------------------+--------------+--------------------+-----------+----------------------
 00:00:13(00:01:58) |  00:00:00(00:00:00) |   0.0(  0.0) |   10:55:42 (Mar21) |  448.7 MB | PBS_Generic-Start
--------------------+---------------------+--------------+--------------------+-----------+----------------------
 00:00:14(00:01:59) |  00:00:01(00:00:01) |  67.3( 14.3) |   10:55:43 (Mar21) |  448.7 MB | PBS_Generic_Opt-Post
--------------------+---------------------+--------------+--------------------+-----------+----------------------
 00:00:14(00:01:59) |  00:00:00(00:00:00) |   0.0(  0.0) |   10:55:43 (Mar21) |  448.7 MB | PBS_Generic-Postgen HBO Optimizations
--------------------+---------------------+--------------+--------------------+-----------+----------------------
 00:00:14(00:02:04) |  00:00:00(00:00:05) |   0.0( 71.4) |   10:55:48 (Mar21) |  752.0 MB | PBS_TechMap-Start
--------------------+---------------------+--------------+--------------------+-----------+----------------------
 00:00:14(00:02:04) |  00:00:00(00:00:00) |   0.0(  0.0) |   10:55:48 (Mar21) |  752.0 MB | PBS_TechMap-Premap HBO Optimizations
--------------------+---------------------+--------------+--------------------+-----------+----------------------
 00:00:14(00:02:04) |  00:00:00(00:00:00) |  -1.2(  0.0) |   10:55:48 (Mar21) |  752.0 MB | PBS_Techmap-Global Mapping
--------------------+---------------------+--------------+--------------------+-----------+----------------------
 00:00:15(00:02:05) |  00:00:01(00:00:01) |  34.0( 14.3) |   10:55:49 (Mar21) |  752.0 MB | PBS_TechMap-Datapath Postmap Operations
--------------------+---------------------+--------------+--------------------+-----------+----------------------
Number of threads: 8 * 1   (id: pbs_debug, time_info v1.57)
Info: (*N*) indicates data that was populated from previously saved time_info database
Info: CPU time includes time of parent + longest thread
PBS_TechMap-Postmap HBO Optimizations - Elapsed_Time 0, CPU_Time -0.0004810000000006198
stamp 'PBS_TechMap-Postmap HBO Optimizations' being created for table 'pbs_debug'

  Total Time (Wall) |  Stage Time (Wall)  |   % (Wall)   |    Date - Time     |  Memory   | Stage
--------------------+---------------------+--------------+--------------------+-----------+----------------------
 00:00:13(00:01:58) |  00:00:00(00:00:00) |   0.0(  0.0) |   10:55:42 (Mar21) |  448.7 MB | PBS_Generic-Start
--------------------+---------------------+--------------+--------------------+-----------+----------------------
 00:00:14(00:01:59) |  00:00:01(00:00:01) |  67.3( 14.3) |   10:55:43 (Mar21) |  448.7 MB | PBS_Generic_Opt-Post
--------------------+---------------------+--------------+--------------------+-----------+----------------------
 00:00:14(00:01:59) |  00:00:00(00:00:00) |   0.0(  0.0) |   10:55:43 (Mar21) |  448.7 MB | PBS_Generic-Postgen HBO Optimizations
--------------------+---------------------+--------------+--------------------+-----------+----------------------
 00:00:14(00:02:04) |  00:00:00(00:00:05) |   0.0( 71.4) |   10:55:48 (Mar21) |  752.0 MB | PBS_TechMap-Start
--------------------+---------------------+--------------+--------------------+-----------+----------------------
 00:00:14(00:02:04) |  00:00:00(00:00:00) |   0.0(  0.0) |   10:55:48 (Mar21) |  752.0 MB | PBS_TechMap-Premap HBO Optimizations
--------------------+---------------------+--------------+--------------------+-----------+----------------------
 00:00:14(00:02:04) |  00:00:00(00:00:00) |  -1.2(  0.0) |   10:55:48 (Mar21) |  752.0 MB | PBS_Techmap-Global Mapping
--------------------+---------------------+--------------+--------------------+-----------+----------------------
 00:00:15(00:02:05) |  00:00:01(00:00:01) |  34.0( 14.3) |   10:55:49 (Mar21) |  752.0 MB | PBS_TechMap-Datapath Postmap Operations
--------------------+---------------------+--------------+--------------------+-----------+----------------------
 00:00:15(00:02:05) |  00:00:00(00:00:00) |  -0.0(  0.0) |   10:55:49 (Mar21) |  752.0 MB | PBS_TechMap-Postmap HBO Optimizations
--------------------+---------------------+--------------+--------------------+-----------+----------------------
Number of threads: 8 * 1   (id: pbs_debug, time_info v1.57)
Info: (*N*) indicates data that was populated from previously saved time_info database
Info: CPU time includes time of parent + longest thread
 Doing ConstProp on design:modN_counter ... 

Time taken by ConstProp Step: 00:00:00
PBS_TechMap-Postmap Clock Gating - Elapsed_Time 0, CPU_Time 0.0
stamp 'PBS_TechMap-Postmap Clock Gating' being created for table 'pbs_debug'

  Total Time (Wall) |  Stage Time (Wall)  |   % (Wall)   |    Date - Time     |  Memory   | Stage
--------------------+---------------------+--------------+--------------------+-----------+----------------------
 00:00:13(00:01:58) |  00:00:00(00:00:00) |   0.0(  0.0) |   10:55:42 (Mar21) |  448.7 MB | PBS_Generic-Start
--------------------+---------------------+--------------+--------------------+-----------+----------------------
 00:00:14(00:01:59) |  00:00:01(00:00:01) |  67.3( 14.3) |   10:55:43 (Mar21) |  448.7 MB | PBS_Generic_Opt-Post
--------------------+---------------------+--------------+--------------------+-----------+----------------------
 00:00:14(00:01:59) |  00:00:00(00:00:00) |   0.0(  0.0) |   10:55:43 (Mar21) |  448.7 MB | PBS_Generic-Postgen HBO Optimizations
--------------------+---------------------+--------------+--------------------+-----------+----------------------
 00:00:14(00:02:04) |  00:00:00(00:00:05) |   0.0( 71.4) |   10:55:48 (Mar21) |  752.0 MB | PBS_TechMap-Start
--------------------+---------------------+--------------+--------------------+-----------+----------------------
 00:00:14(00:02:04) |  00:00:00(00:00:00) |   0.0(  0.0) |   10:55:48 (Mar21) |  752.0 MB | PBS_TechMap-Premap HBO Optimizations
--------------------+---------------------+--------------+--------------------+-----------+----------------------
 00:00:14(00:02:04) |  00:00:00(00:00:00) |  -1.2(  0.0) |   10:55:48 (Mar21) |  752.0 MB | PBS_Techmap-Global Mapping
--------------------+---------------------+--------------+--------------------+-----------+----------------------
 00:00:15(00:02:05) |  00:00:01(00:00:01) |  34.0( 14.3) |   10:55:49 (Mar21) |  752.0 MB | PBS_TechMap-Datapath Postmap Operations
--------------------+---------------------+--------------+--------------------+-----------+----------------------
 00:00:15(00:02:05) |  00:00:00(00:00:00) |  -0.0(  0.0) |   10:55:49 (Mar21) |  752.0 MB | PBS_TechMap-Postmap HBO Optimizations
--------------------+---------------------+--------------+--------------------+-----------+----------------------
 00:00:15(00:02:05) |  00:00:00(00:00:00) |   0.0(  0.0) |   10:55:49 (Mar21) |  752.0 MB | PBS_TechMap-Postmap Clock Gating
--------------------+---------------------+--------------+--------------------+-----------+----------------------
Number of threads: 8 * 1   (id: pbs_debug, time_info v1.57)
Info: (*N*) indicates data that was populated from previously saved time_info database
Info: CPU time includes time of parent + longest thread
-------------------------------------------------------------------------------
 hi_fo_buf                   117        0         0         0

           Trick     Calls     Accepts   Attempts    Time(secs) 
-----------------------------------------------------------
       hi_fo_buf         0  (        0 /        0 )  0.00

 
Incremental optimization status
===============================
                                    Worst     Total DRC Total
                           Total  Weighted     Neg       Max 
Operation                   Area  Neg Slk     Slack      Cap 
 init_delay                  117        0         0         0

           Trick     Calls     Accepts   Attempts    Time(secs) 
-----------------------------------------------------------
       crit_upsz         0  (        0 /        0 )  0.00
    plc_bal_star         0  (        0 /        0 )  0.00
     drc_buftimb         0  (        0 /        0 )  0.00
          plc_st         0  (        0 /        0 )  0.00
    plc_st_fence         0  (        0 /        0 )  0.00
        plc_star         0  (        0 /        0 )  0.00
      plc_laf_st         0  (        0 /        0 )  0.00
 plc_laf_st_fence         0  (        0 /        0 )  0.00
     drc_buftims         0  (        0 /        0 )  0.00
            fopt         0  (        0 /        0 )  0.00
   plc_laf_lo_st         0  (        0 /        0 )  0.00
       plc_lo_st         0  (        0 /        0 )  0.00
        mb_split         0  (        0 /        0 )  0.00

 
Local TNS optimization status
=============================
                                    Worst     Total DRC Total
                           Total  Weighted     Neg       Max 
Operation                   Area  Neg Slk     Slack      Cap 
 init_tns                    117        0         0         0

           Trick     Calls     Accepts   Attempts    Time(secs) 
-----------------------------------------------------------
    plc_bal_star         0  (        0 /        0 )  0.00
     drc_buftimb         0  (        0 /        0 )  0.00
     drc_buftims         0  (        0 /        0 )  0.00
       crit_upsz         0  (        0 /        0 )  0.00
   plc_laf_lo_st         0  (        0 /        0 )  0.00
       plc_lo_st         0  (        0 /        0 )  0.00
            fopt         0  (        0 /        0 )  0.00
       crit_dnsz         0  (        0 /        0 )  0.00
             dup         0  (        0 /        0 )  0.00
        setup_dn         0  (        0 /        0 )  0.00
        mb_split         0  (        0 /        0 )  0.00

PBS_TechMap-Postmap Cleanup - Elapsed_Time 0, CPU_Time -0.0005199999999998539
stamp 'PBS_TechMap-Postmap Cleanup' being created for table 'pbs_debug'

  Total Time (Wall) |  Stage Time (Wall)  |   % (Wall)   |    Date - Time     |  Memory   | Stage
--------------------+---------------------+--------------+--------------------+-----------+----------------------
 00:00:13(00:01:58) |  00:00:00(00:00:00) |   0.0(  0.0) |   10:55:42 (Mar21) |  448.7 MB | PBS_Generic-Start
--------------------+---------------------+--------------+--------------------+-----------+----------------------
 00:00:14(00:01:59) |  00:00:01(00:00:01) |  67.3( 14.3) |   10:55:43 (Mar21) |  448.7 MB | PBS_Generic_Opt-Post
--------------------+---------------------+--------------+--------------------+-----------+----------------------
 00:00:14(00:01:59) |  00:00:00(00:00:00) |   0.0(  0.0) |   10:55:43 (Mar21) |  448.7 MB | PBS_Generic-Postgen HBO Optimizations
--------------------+---------------------+--------------+--------------------+-----------+----------------------
 00:00:14(00:02:04) |  00:00:00(00:00:05) |   0.0( 71.4) |   10:55:48 (Mar21) |  752.0 MB | PBS_TechMap-Start
--------------------+---------------------+--------------+--------------------+-----------+----------------------
 00:00:14(00:02:04) |  00:00:00(00:00:00) |   0.0(  0.0) |   10:55:48 (Mar21) |  752.0 MB | PBS_TechMap-Premap HBO Optimizations
--------------------+---------------------+--------------+--------------------+-----------+----------------------
 00:00:14(00:02:04) |  00:00:00(00:00:00) |  -1.2(  0.0) |   10:55:48 (Mar21) |  752.0 MB | PBS_Techmap-Global Mapping
--------------------+---------------------+--------------+--------------------+-----------+----------------------
 00:00:15(00:02:05) |  00:00:01(00:00:01) |  34.0( 14.3) |   10:55:49 (Mar21) |  752.0 MB | PBS_TechMap-Datapath Postmap Operations
--------------------+---------------------+--------------+--------------------+-----------+----------------------
 00:00:15(00:02:05) |  00:00:00(00:00:00) |  -0.0(  0.0) |   10:55:49 (Mar21) |  752.0 MB | PBS_TechMap-Postmap HBO Optimizations
--------------------+---------------------+--------------+--------------------+-----------+----------------------
 00:00:15(00:02:05) |  00:00:00(00:00:00) |   0.0(  0.0) |   10:55:49 (Mar21) |  752.0 MB | PBS_TechMap-Postmap Clock Gating
--------------------+---------------------+--------------+--------------------+-----------+----------------------
 00:00:15(00:02:05) |  00:00:00(00:00:00) |  -0.0(  0.0) |   10:55:49 (Mar21) |  752.0 MB | PBS_TechMap-Postmap Cleanup
--------------------+---------------------+--------------+--------------------+-----------+----------------------
Number of threads: 8 * 1   (id: pbs_debug, time_info v1.57)
Info: (*N*) indicates data that was populated from previously saved time_info database
Info: CPU time includes time of parent + longest thread
PBS_Techmap-Post_MBCI - Elapsed_Time 0, CPU_Time 0.0
stamp 'PBS_Techmap-Post_MBCI' being created for table 'pbs_debug'

  Total Time (Wall) |  Stage Time (Wall)  |   % (Wall)   |    Date - Time     |  Memory   | Stage
--------------------+---------------------+--------------+--------------------+-----------+----------------------
 00:00:13(00:01:58) |  00:00:00(00:00:00) |   0.0(  0.0) |   10:55:42 (Mar21) |  448.7 MB | PBS_Generic-Start
--------------------+---------------------+--------------+--------------------+-----------+----------------------
 00:00:14(00:01:59) |  00:00:01(00:00:01) |  67.3( 14.3) |   10:55:43 (Mar21) |  448.7 MB | PBS_Generic_Opt-Post
--------------------+---------------------+--------------+--------------------+-----------+----------------------
 00:00:14(00:01:59) |  00:00:00(00:00:00) |   0.0(  0.0) |   10:55:43 (Mar21) |  448.7 MB | PBS_Generic-Postgen HBO Optimizations
--------------------+---------------------+--------------+--------------------+-----------+----------------------
 00:00:14(00:02:04) |  00:00:00(00:00:05) |   0.0( 71.4) |   10:55:48 (Mar21) |  752.0 MB | PBS_TechMap-Start
--------------------+---------------------+--------------+--------------------+-----------+----------------------
 00:00:14(00:02:04) |  00:00:00(00:00:00) |   0.0(  0.0) |   10:55:48 (Mar21) |  752.0 MB | PBS_TechMap-Premap HBO Optimizations
--------------------+---------------------+--------------+--------------------+-----------+----------------------
 00:00:14(00:02:04) |  00:00:00(00:00:00) |  -1.2(  0.0) |   10:55:48 (Mar21) |  752.0 MB | PBS_Techmap-Global Mapping
--------------------+---------------------+--------------+--------------------+-----------+----------------------
 00:00:15(00:02:05) |  00:00:01(00:00:01) |  34.0( 14.3) |   10:55:49 (Mar21) |  752.0 MB | PBS_TechMap-Datapath Postmap Operations
--------------------+---------------------+--------------+--------------------+-----------+----------------------
 00:00:15(00:02:05) |  00:00:00(00:00:00) |  -0.0(  0.0) |   10:55:49 (Mar21) |  752.0 MB | PBS_TechMap-Postmap HBO Optimizations
--------------------+---------------------+--------------+--------------------+-----------+----------------------
 00:00:15(00:02:05) |  00:00:00(00:00:00) |   0.0(  0.0) |   10:55:49 (Mar21) |  752.0 MB | PBS_TechMap-Postmap Clock Gating
--------------------+---------------------+--------------+--------------------+-----------+----------------------
 00:00:15(00:02:05) |  00:00:00(00:00:00) |  -0.0(  0.0) |   10:55:49 (Mar21) |  752.0 MB | PBS_TechMap-Postmap Cleanup
--------------------+---------------------+--------------+--------------------+-----------+----------------------
 00:00:15(00:02:05) |  00:00:00(00:00:00) |   0.0(  0.0) |   10:55:49 (Mar21) |  752.0 MB | PBS_Techmap-Post_MBCI
--------------------+---------------------+--------------+--------------------+-----------+----------------------
Number of threads: 8 * 1   (id: pbs_debug, time_info v1.57)
Info: (*N*) indicates data that was populated from previously saved time_info database
Info: CPU time includes time of parent + longest thread
##>=================== Cadence Confidential (Mapping-Logical) ===================
##>Main Thread Summary:
##>----------------------------------------------------------------------------------------
##>STEP                           Elapsed       WNS       TNS     Insts      Area    Memory
##>----------------------------------------------------------------------------------------
##>M:Initial                            0         -         -        23       251       752
##>M:Pre Cleanup                        0         -         -        23       251       752
##>M:Setup                              0         -         -         -         -         -
##>M:Launch ST                          0         -         -         -         -         -
##>M:Design Partition                   0         -         -         -         -         -
##>M:Create Partition Netlists          0         -         -         -         -         -
##>M:Init Power                         0         -         -         -         -         -
##>M:Budgeting                          0         -         -         -         -         -
##>M:Derenv-DB                          0         -         -         -         -         -
##>M:Debug Outputs                      0         -         -         -         -         -
##>M:ST loading                         0         -         -         -         -         -
##>M:Distributed                        0         -         -         -         -         -
##>M:Timer                              0         -         -         -         -         -
##>M:Assembly                           0         -         -         -         -         -
##>M:DFT                                0         -         -         -         -         -
##>M:DP Operations                      1         -         -        18       116       752
##>M:Const Prop                         0         -         0        18       116       752
##>M:Cleanup                            0         -         0        18       116       752
##>M:MBCI                               0         -         -        18       116       752
##>M:Const Gate Removal                 0         -         -         -         -         -
##>M:Misc                               0
##>----------------------------------------------------------------------------------------
##>Total Elapsed                        1
##>========================================================================================
Info    : Done mapping. [SYNTH-5]
        : Done mapping 'modN_counter'.
      flow.cputime  flow.realtime  timing.setup.tns  timing.setup.wns  snapshot
UM:*                                                                   syn_map
@genus:root: 10> syn_opt
Info    : Incrementally optimizing. [SYNTH-7]
        : Incrementally optimizing 'modN_counter' using 'medium' effort.
 
Incremental optimization status
===============================
                                    Worst     Total DRC Total
                           Total  Weighted     Neg       Max 
Operation                   Area  Neg Slk     Slack      Cap 
 init_iopt                   117        0         0         0
-------------------------------------------------------------------------------
 const_prop                  117        0         0         0
 
Incremental optimization status
===============================
                                    Worst     Total DRC Total
                           Total  Weighted     Neg       Max 
Operation                   Area  Neg Slk     Slack      Cap 
 init_delay                  117        0         0         0

           Trick     Calls     Accepts   Attempts    Time(secs) 
-----------------------------------------------------------
       crit_upsz         0  (        0 /        0 )  0.00
    plc_bal_star         0  (        0 /        0 )  0.00
     drc_buftimb         0  (        0 /        0 )  0.00
          plc_st         0  (        0 /        0 )  0.00
    plc_st_fence         0  (        0 /        0 )  0.00
        plc_star         0  (        0 /        0 )  0.00
      plc_laf_st         0  (        0 /        0 )  0.00
 plc_laf_st_fence         0  (        0 /        0 )  0.00
     drc_buftims         0  (        0 /        0 )  0.00
   plc_laf_lo_st         0  (        0 /        0 )  0.00
       plc_lo_st         0  (        0 /        0 )  0.00
            fopt         0  (        0 /        0 )  0.00
       crit_dnsz         0  (        0 /        0 )  0.00
             dup         0  (        0 /        0 )  0.00
            fopt         0  (        0 /        0 )  0.00
        setup_dn         0  (        0 /        0 )  0.00
         buf2inv         0  (        0 /        0 )  0.00
        mb_split         0  (        0 /        0 )  0.00
             exp         0  (        0 /        0 )  0.00
       gate_deco         0  (        0 /        0 )  0.00
       gcomp_tim         0  (        0 /        0 )  0.00
  inv_pair_2_buf         0  (        0 /        0 )  0.00

 init_drc                    117        0         0         0

           Trick     Calls     Accepts   Attempts    Time(secs) 
-----------------------------------------------------------
          plc_st         0  (        0 /        0 )  0.00
        plc_star         0  (        0 /        0 )  0.00
        drc_bufs         0  (        0 /        0 )  0.00
        drc_fopt         0  (        0 /        0 )  0.00
        drc_bufb         0  (        0 /        0 )  0.00
      simple_buf         0  (        0 /        0 )  0.00
             dup         0  (        0 /        0 )  0.00
       crit_dnsz         0  (        0 /        0 )  0.00
       crit_upsz         0  (        0 /        0 )  0.00


           Trick     Calls     Accepts   Attempts    Time(secs) 
-----------------------------------------------------------
          plc_st         0  (        0 /        0 )  0.00
        plc_star         0  (        0 /        0 )  0.00
      drc_buf_sp         0  (        0 /        0 )  0.00
        drc_bufs         0  (        0 /        0 )  0.00
        drc_fopt         0  (        0 /        0 )  0.00
        drc_bufb         0  (        0 /        0 )  0.00
      simple_buf         0  (        0 /        0 )  0.00
             dup         0  (        0 /        0 )  0.00
       crit_dnsz         0  (        0 /        0 )  0.00
       crit_upsz         0  (        0 /        0 )  0.00


           Trick     Calls     Accepts   Attempts    Time(secs) 
-----------------------------------------------------------
          plc_st         0  (        0 /        0 )  0.00
        plc_star         0  (        0 /        0 )  0.00
      drc_buf_sp         0  (        0 /        0 )  0.00
        drc_bufs         0  (        0 /        0 )  0.00
        drc_fopt         0  (        0 /        0 )  0.00
        drc_bufb         0  (        0 /        0 )  0.00
             dup         0  (        0 /        0 )  0.00
       crit_dnsz         0  (        0 /        0 )  0.00
       crit_upsz         0  (        0 /        0 )  0.00

 init_tns                    117        0         0         0

           Trick     Calls     Accepts   Attempts    Time(secs) 
-----------------------------------------------------------
    plc_bal_star         0  (        0 /        0 )  0.00
     drc_buftimb         0  (        0 /        0 )  0.00
     drc_buftims         0  (        0 /        0 )  0.00
       crit_upsz         0  (        0 /        0 )  0.00
   plc_laf_lo_st         0  (        0 /        0 )  0.00
       plc_lo_st         0  (        0 /        0 )  0.00
            fopt         0  (        0 /        0 )  0.00
       crit_dnsz         0  (        0 /        0 )  0.00
             dup         0  (        0 /        0 )  0.00
        setup_dn         0  (        0 /        0 )  0.00
         buf2inv         0  (        0 /        0 )  0.00
        mb_split         0  (        0 /        0 )  0.00

 init_area                   117        0         0         0

           Trick     Calls     Accepts   Attempts    Time(secs) 
-----------------------------------------------------------
           undup         0  (        0 /        0 )  0.00
         rem_buf         0  (        0 /        0 )  0.00
         rem_inv         0  (        0 /        0 )  0.00
        merge_bi         0  (        0 /        0 )  0.00
      rem_inv_qb         2  (        0 /        0 )  0.00
        io_phase         0  (        0 /        0 )  0.00
       gate_comp         2  (        0 /        0 )  0.00
       gcomp_mog         0  (        0 /        0 )  0.00
       glob_area         5  (        0 /        5 )  0.00
       area_down         0  (        0 /        0 )  0.00
      size_n_buf         0  (        0 /        0 )  0.00
  gate_deco_area         0  (        0 /        0 )  0.00
         rem_buf         0  (        0 /        0 )  0.00
         rem_inv         0  (        0 /        0 )  0.00
        merge_bi         0  (        0 /        0 )  0.00
      rem_inv_qb         2  (        0 /        0 )  0.00

 
Incremental optimization status
===============================
                                    Worst     Total DRC Total
                           Total  Weighted     Neg       Max 
Operation                   Area  Neg Slk     Slack      Cap 
 init_delay                  117        0         0         0

           Trick     Calls     Accepts   Attempts    Time(secs) 
-----------------------------------------------------------
       crit_upsz         0  (        0 /        0 )  0.00
    plc_bal_star         0  (        0 /        0 )  0.00
     drc_buftimb         0  (        0 /        0 )  0.00
          plc_st         0  (        0 /        0 )  0.00
    plc_st_fence         0  (        0 /        0 )  0.00
        plc_star         0  (        0 /        0 )  0.00
      plc_laf_st         0  (        0 /        0 )  0.00
 plc_laf_st_fence         0  (        0 /        0 )  0.00
     drc_buftims         0  (        0 /        0 )  0.00
   plc_laf_lo_st         0  (        0 /        0 )  0.00
       plc_lo_st         0  (        0 /        0 )  0.00
            fopt         0  (        0 /        0 )  0.00
       crit_dnsz         0  (        0 /        0 )  0.00
             dup         0  (        0 /        0 )  0.00
            fopt         0  (        0 /        0 )  0.00
        setup_dn         0  (        0 /        0 )  0.00
         buf2inv         0  (        0 /        0 )  0.00
        mb_split         0  (        0 /        0 )  0.00
             exp         0  (        0 /        0 )  0.00
       gate_deco         0  (        0 /        0 )  0.00
       gcomp_tim         0  (        0 /        0 )  0.00
  inv_pair_2_buf         0  (        0 /        0 )  0.00

 init_drc                    117        0         0         0

           Trick     Calls     Accepts   Attempts    Time(secs) 
-----------------------------------------------------------
          plc_st         0  (        0 /        0 )  0.00
        plc_star         0  (        0 /        0 )  0.00
        drc_bufs         0  (        0 /        0 )  0.00
        drc_fopt         0  (        0 /        0 )  0.00
        drc_bufb         0  (        0 /        0 )  0.00
      simple_buf         0  (        0 /        0 )  0.00
             dup         0  (        0 /        0 )  0.00
       crit_dnsz         0  (        0 /        0 )  0.00
       crit_upsz         0  (        0 /        0 )  0.00


           Trick     Calls     Accepts   Attempts    Time(secs) 
-----------------------------------------------------------
          plc_st         0  (        0 /        0 )  0.00
        plc_star         0  (        0 /        0 )  0.00
        drc_bufs         0  (        0 /        0 )  0.00
        drc_fopt         0  (        0 /        0 )  0.00
        drc_bufb         0  (        0 /        0 )  0.00
      simple_buf         0  (        0 /        0 )  0.00
             dup         0  (        0 /        0 )  0.00
       crit_dnsz         0  (        0 /        0 )  0.00
       crit_upsz         0  (        0 /        0 )  0.00


           Trick     Calls     Accepts   Attempts    Time(secs) 
-----------------------------------------------------------
          plc_st         0  (        0 /        0 )  0.00
        plc_star         0  (        0 /        0 )  0.00
        drc_bufs         0  (        0 /        0 )  0.00
        drc_fopt         0  (        0 /        0 )  0.00
        drc_bufb         0  (        0 /        0 )  0.00
             dup         0  (        0 /        0 )  0.00
       crit_dnsz         0  (        0 /        0 )  0.00
       crit_upsz         0  (        0 /        0 )  0.00

 init_area                   117        0         0         0

           Trick     Calls     Accepts   Attempts    Time(secs) 
-----------------------------------------------------------
           undup         0  (        0 /        0 )  0.00
         rem_buf         0  (        0 /        0 )  0.00
         rem_inv         0  (        0 /        0 )  0.00
        merge_bi         0  (        0 /        0 )  0.00
      rem_inv_qb         2  (        0 /        0 )  0.00
        io_phase         0  (        0 /        0 )  0.00
       gate_comp         2  (        0 /        0 )  0.00
       gcomp_mog         0  (        0 /        0 )  0.00
       glob_area         5  (        0 /        5 )  0.00
       area_down         0  (        0 /        0 )  0.00
      size_n_buf         0  (        0 /        0 )  0.00
  gate_deco_area         0  (        0 /        0 )  0.00

==================================
Stage : incr_opt 
==================================
  =================
   Message Summary
  =================
--------------------------------------------------------------------------------
|   Id    |  Sev   |Count |                   Message Text                     |
--------------------------------------------------------------------------------
| CFM-1   |Info    |    1 |Wrote dofile.                                       |
| CFM-5   |Info    |    1 |Wrote formal verification information.              |
| CPI-506 |Warning |    1 |Command 'commit_power_intent' cannot proceed as     |
|         |        |      | there is no power intent loaded.                   |
| PA-7    |Info    |    4 |Resetting power analysis results.                   |
|         |        |      |All computed switching activities are removed.      |
| SYNTH-5 |Info    |    1 |Done mapping.                                       |
| SYNTH-7 |Info    |    1 |Incrementally optimizing.                           |
--------------------------------------------------------------------------------
Info    : Done incrementally optimizing. [SYNTH-8]
        : Done incrementally optimizing 'modN_counter'.
      flow.cputime  flow.realtime  timing.setup.tns  timing.setup.wns  snapshot
UM:*                                                                   syn_opt
@genus:root: 11> report_timing>timing.rep
Error   : No objects were specified. [TUI-201] [report_timing]
        : No timing_path collection found.
        : At least one object must be specified.
1
@genus:root: 12> report_timing -unspecified>timing.rep
Error   : An invalid option was specified. [TUI-204] [report_timing]
        : An option named '-unspecified>timing.rep' could not be found.
        : Run 'command_name -help' to check all valid options. To correct the option and rerun the command.
  report_timing: print a timing report 

Usage: report_timing [-fields <string>] [-output_format <string>]
           [-path_type <string>] [-split_delay] [-stage_delay] [-hpins] [-nets]
           [-exception_data] [-unconstrained] [-physical] [-user_derate]
           [-user_mean_derate] [-user_sigma_derate] [-incr_derate] [-gui]
           [-max_paths <integer>] [-nworst <integer>] [-logic_levels <integer>]
           [-skip_buf] [-skip_inv] [-logic_levels_tcl_list] [-max_slack <float>]
           [-min_slack <float>] [-paths <string>] [-domain <clock_domain>]
           [-views <analysis_view>+] [-collection]
           [ -from <inst|hinst|external_delay|clock|port|pin|hpin>+ |
             -from_rise <inst|hinst|external_delay|clock|port|pin|hpin>+ |
             -from_fall <inst|hinst|external_delay|clock|port|pin|hpin>+ ]
           [ -through <inst|hinst|hnet|port|pin|hpin>+ |
             -through_rise <inst|hinst|hnet|port|pin|hpin>+ |
             -through_fall <inst|hinst|hnet|port|pin|hpin>+ ]+
           [ -not_through <inst|hinst|hnet|port|pin|hpin>+ |
             -not_through_rise <inst|hinst|hnet|port|pin|hpin>+ |
             -not_through_fall <inst|hinst|hnet|port|pin|hpin>+ ]
           [ -to <inst|hinst|external_delay|clock|port|pin|hpin>+ |
             -to_rise <inst|hinst|external_delay|clock|port|pin|hpin>+ |
             -to_fall <inst|hinst|external_delay|clock|port|pin|hpin>+ ]
           [ -capture_clock_pins <pin|hpin>+ |
             -capture_clock_pins_rise_clock <pin|hpin>+ |
             -capture_clock_pins_fall_clock <pin|hpin>+ |
             -capture_clock_pins_rise_pin <pin|hpin>+ |
             -capture_clock_pins_fall_pin <pin|hpin>+ ]
           [-exceptions <exception>+] [-group <cost_group>+]
           [-timing_bin <timing_bin>] [-timing_path <timing_bin_path>]
           [<timing_path>+] [> file]

    [-fields <string>]:
        fields 
    [-output_format <string>]:
        supported output format types are <gtd|text> 
    [-path_type <string>]:
        supported path types are <full|summary|full_clock|endpoint> 
    [-split_delay]:
        displays both drivers and loads in the data path 
    [-stage_delay]:
        displays only drivers in the data path 
    [-hpins]:
        displays hierarchical pins in the data path 
    [-nets]:
        displays nets in the data path 
    [-exception_data]:
        displays the exception cross-linking information 
    [-unconstrained]:
        displays the unconstrained paths 
    [-physical]:
        include physical information in report 
    [-user_derate]:
        show 'user_derate' column in timing reports 
    [-user_mean_derate]:
        show 'user_mean_derate' column in timing reports 
    [-user_sigma_derate]:
        show 'user_sigma_derate' column in timing reports 
    [-incr_derate]:
        show 'incr_derate' column in timing reports 
    [-gui]:
        invoke GUI timing report dialog 
    [-max_paths <integer>]:
        number of paths 
    [-nworst <integer>]:
        number of worst paths to each endpoint (inapplicable to path_type 
        endpoint) 
    [-logic_levels <integer>]:
        number of paths to report in the output 
    [-skip_buf]:
        skip buffers when computing logic levels 
    [-skip_inv]:
        skip inverters when computing logic levels 
    [-logic_levels_tcl_list]:
        list output 
    [-max_slack <float>]:
        only paths with less than this slack 
    [-min_slack <float>]:
        only paths with greater than this slack 
    [-paths <string>]:
        a path identifier result from the specify_paths command 
    [-domain <clock_domain>]:
        a clock domain the paths should be restricted to 
    [-views <analysis_view>+]:
        a view the paths should be restricted to 
    [-collection]:
        return a collection of timing paths 
    -from <inst|hinst|external_delay|clock|port|pin|hpin>+:
        a set of startpoints for the paths 
    -from_rise <inst|hinst|external_delay|clock|port|pin|hpin>+:
        startpoints with a rise transition at the pin itself 
    -from_fall <inst|hinst|external_delay|clock|port|pin|hpin>+:
        startpoints with a fall transition at the pin itself 
    -through <inst|hinst|hnet|port|pin|hpin>+:
        specifies paths that pass through these pins or instances. This option 
        can be repeated indicating that the path must go through at least one 
        element of each through list (in the order the options were specified). 
        Objects must be ports, hierarchical pins, pins on sequential/mapped 
        combinational cells, or sequential/mapped combinational instances 
    -through_rise <inst|hinst|hnet|port|pin|hpin>+:
        this option specifies paths that contain a rise transition in one of 
        these objects and it can be repeated and can be combined with -through 
        and/or -through_fall_pin 
    -through_fall <inst|hinst|hnet|port|pin|hpin>+:
        this option specifies paths that contain a fall transition in one of 
        these objects and it can be repeated and can be combined with -through 
        and/or -through_rise_pin 
    -not_through <inst|hinst|hnet|port|pin|hpin>+:
        specifies paths that do not pass through these pins or instances. 
        Objects must be ports, hierarchical pins, pins on sequential/mapped 
        combinational cells, or sequential/mapped combinational instances 
    -not_through_rise <inst|hinst|hnet|port|pin|hpin>+:
        this option specifies paths that does not contain a rise transition in 
        one of these objects 
    -not_through_fall <inst|hinst|hnet|port|pin|hpin>+:
        this option specifies paths that does not contain a fall transition in 
        one of these objects 
    -to <inst|hinst|external_delay|clock|port|pin|hpin>+:
        a set of endpoints for the paths 
    -to_rise <inst|hinst|external_delay|clock|port|pin|hpin>+:
        endpoints with a rise transition at the pin itself 
    -to_fall <inst|hinst|external_delay|clock|port|pin|hpin>+:
        endpoints with a fall transition at the pin itself 
    -capture_clock_pins <pin|hpin>+:
        sequential clock pins at the path endpoint 
    -capture_clock_pins_rise_clock <pin|hpin>+:
        pins that capture with rising clock edge 
    -capture_clock_pins_fall_clock <pin|hpin>+:
        pins that capture with falling clock edge 
    -capture_clock_pins_rise_pin <pin|hpin>+:
        pins that capture with rise transition at the pin itself 
    -capture_clock_pins_fall_pin <pin|hpin>+:
        pins that capture with fall transition at the pin itself 
    [-exceptions <exception>+]:
        report paths for exceptions 
    [-group <cost_group>+]:
        report paths for the specified cost groups/path groups 
    [-timing_bin <timing_bin>]:
        timing bin to report 
    [-timing_path <timing_bin_path>]:
        timing path to report 
    [<timing_path>+]:
        path_collection 
Fields presented are controlled by the '-fields' switch or the attribute
'timing_report_fields' and 'timing_report_endpoint_fields'
Valid full report fields are:
  - timing_point:        names of pins
  - flags:               flags associated with the column timing_point
  - arc:                 timing arc for which timing information was applied
  - edge:                rising/falling edge
  - cell:                cell type, exception type, etc.
  - fanout:              fanout of leaf cells
  - load:                load of leaf cells
  - transition:          slew of leaf cell outputs
  - transition_mean:     mean slew of leaf cell outputs
  - transition_sigma:    sigma slew of leaf cell outputs
  - delay:               delay through a leaf cell
  - delay_mean:          mean delay through a leaf cell
  - delay_sigma:         sigma delay through a leaf cell
  - arrival:             arrival time at a leaf cell
  - arrival_mean:        mean arrival time at a leaf cell
  - arrival_sigma:       sigma arrival time at a leaf cell
  - lib_set:             display the library set of the cell
  - user_derate:         derating information
  - user_mean_derate:    mean derating information
  - user_sigma_derate:   derating information
  - total_derate:        total derating information
  - incr_derate:        incr derating information
  - aocv_derate:         aocv derating information
  - socv_derate:         socv spatial derating information
  - stage_count:         aocv stage depth
  - power_domain:        power domain associated with the object
  - wire_length:         wire length
  - instance_location:       instance location
  - pin_location:        pin location
  - module:              name of the subdesign
  - frc:                 file row column information
  - voltage:             voltage information
1
@genus:root: 13> report_area>area.rep
@genus:root: 14> report_power>power.rep
Info    : Joules engine is used. [RPT-16]
        : Joules engine is being used for the command report_power.
Info   : ACTP-0001 [ACTPInfo] Activity propagation started for stim#0 netlist
       : modN_counter
Info   : ACTP-0009 [ACTPInfo] Activity Propagation Progress Report :   2%   4%   6%   8%  10%  12%  14%  16%  18%  20%  22%  24%  26%  28%  30%  32%  34%  36%  38%  40%  42%  44%  46%  48%  50%  52%  54%  56%  57%  60%  62%  64%  66%  68%  70%  72%  74%  76%  78%  80%  82%  84%  86%  88%  90%  92%  94%  96%  98% 100%
Info   : ACTP-0001 Activity propagation ended for stim#0
Info   : PWRA-0001 [PwrInfo] compute_power effective options 
       : -mode : vectorless
       : -skip_propagation : 1
       : -frequency_scaling_factor : 1.0
       : -use_clock_freq : stim
       : -stim :/stim#0
       : -fromGenus : 1
Info   : ACTP-0001 Timing initialization started
Info   : ACTP-0001 Timing initialization ended
Info   : PWRA-0002 [PwrInfo] Skipping activity propagation due to -skip_ap
       : option....
Warning: PWRA-0302 [PwrWarn] Frequency scaling is not applicable for vectorless
       : flow. Ignoring frequency scaling.
Warning: PWRA-0304 [PwrWarn] -stim option is not applicable with vectorless mode
       : of power analysis, ignored this option.
Info   : PWRA-0002 Started 'vectorless' power computation.
Info   : PWRA-0002 Finished power computation.
Info   : PWRA-0007 [PwrInfo] Completed successfully.
       : Info=6, Warn=2, Error=0, Fatal=0
Output file: power.rep
@genus:root: 15> write_hdl>netlist.v

// Generated by Cadence Genus(TM) Synthesis Solution 21.14-s082_1
// Generated on: Mar 21 2025 10:57:07 IST (Mar 21 2025 05:27:07 UTC)

// Verification Directory fv/modN_counter 

module modN_counter(clk, rstn, out);
  input clk, rstn;
  output [3:0] out;
  wire clk, rstn;
  wire [3:0] out;
  wire n_0, n_1, n_2, n_3, n_4, n_5, n_6, n_7;
  wire n_8, n_9, n_10, n_11, n_12, n_13;
  DFFQX1 \out_reg[3] (.CK (clk), .D (n_13), .Q (out[3]));
  DFFQX1 \out_reg[2] (.CK (clk), .D (n_12), .Q (out[2]));
  DFFQX1 \out_reg[1] (.CK (clk), .D (n_10), .Q (out[1]));
  DFFQX1 \out_reg[0] (.CK (clk), .D (n_9), .Q (out[0]));
  NOR2XL g296__2398(.A (n_11), .B (n_8), .Y (n_13));
  NOR2XL g299__5107(.A (n_7), .B (n_11), .Y (n_12));
  NOR2XL g303__6260(.A (n_1), .B (n_11), .Y (n_10));
  NOR2XL g302__4319(.A (out[0]), .B (n_11), .Y (n_9));
  XNOR2X1 g298__8428(.A (out[3]), .B (n_4), .Y (n_8));
  AOI21XL g304__5526(.A0 (out[2]), .A1 (n_5), .B0 (n_6), .Y (n_7));
  NAND2XL g305__6783(.A (rstn), .B (n_3), .Y (n_11));
  NOR2XL g306__3680(.A (out[2]), .B (n_5), .Y (n_6));
  NOR2XL g307__1617(.A (n_2), .B (n_5), .Y (n_4));
  NAND4XL g308__2802(.A (out[3]), .B (out[0]), .C (n_2), .D (n_0), .Y
       (n_3));
  MXI2XL g309__1705(.A (out[1]), .B (n_0), .S0 (out[0]), .Y (n_1));
  NAND2XL g310__5122(.A (out[0]), .B (out[1]), .Y (n_5));
  INVXL g312(.A (out[2]), .Y (n_2));
  INVXL g311(.A (out[1]), .Y (n_0));
endmodule

@genus:root: 16> write_sdc>newsdc.sdc
Finished SDC export (command execution time mm:ss (real) = 00:00).

Lic Summary:
[10:57:58.224337] Cdslmd servers: cadenceserver
[10:57:58.224346] Feature usage summary:
[10:57:58.224347] Genus_Synthesis

Normal exit.